  game.cpp
C:\Users\linoi\scripts\games\sfmlProjects\aimTrainer\game.cpp(122,35): warning C4244: '=': conversion from 'float' to 'T', possible loss of data
C:\Users\linoi\scripts\games\sfmlProjects\aimTrainer\game.cpp(122,35): warning C4244:         with
C:\Users\linoi\scripts\games\sfmlProjects\aimTrainer\game.cpp(122,35): warning C4244:         [
C:\Users\linoi\scripts\games\sfmlProjects\aimTrainer\game.cpp(122,35): warning C4244:             T=int
C:\Users\linoi\scripts\games\sfmlProjects\aimTrainer\game.cpp(122,35): warning C4244:         ]
C:\Users\linoi\scripts\games\sfmlProjects\aimTrainer\game.cpp(123,34): warning C4244: '=': conversion from 'float' to 'T', possible loss of data
C:\Users\linoi\scripts\games\sfmlProjects\aimTrainer\game.cpp(123,34): warning C4244:         with
C:\Users\linoi\scripts\games\sfmlProjects\aimTrainer\game.cpp(123,34): warning C4244:         [
C:\Users\linoi\scripts\games\sfmlProjects\aimTrainer\game.cpp(123,34): warning C4244:             T=int
C:\Users\linoi\scripts\games\sfmlProjects\aimTrainer\game.cpp(123,34): warning C4244:         ]
C:\Users\linoi\scripts\games\sfmlProjects\aimTrainer\game.cpp(124,36): warning C4244: '=': conversion from 'float' to 'T', possible loss of data
C:\Users\linoi\scripts\games\sfmlProjects\aimTrainer\game.cpp(124,36): warning C4244:         with
C:\Users\linoi\scripts\games\sfmlProjects\aimTrainer\game.cpp(124,36): warning C4244:         [
C:\Users\linoi\scripts\games\sfmlProjects\aimTrainer\game.cpp(124,36): warning C4244:             T=int
C:\Users\linoi\scripts\games\sfmlProjects\aimTrainer\game.cpp(124,36): warning C4244:         ]
C:\Users\linoi\scripts\games\sfmlProjects\aimTrainer\game.cpp(125,37): warning C4244: '=': conversion from 'float' to 'T', possible loss of data
C:\Users\linoi\scripts\games\sfmlProjects\aimTrainer\game.cpp(125,37): warning C4244:         with
C:\Users\linoi\scripts\games\sfmlProjects\aimTrainer\game.cpp(125,37): warning C4244:         [
C:\Users\linoi\scripts\games\sfmlProjects\aimTrainer\game.cpp(125,37): warning C4244:             T=int
C:\Users\linoi\scripts\games\sfmlProjects\aimTrainer\game.cpp(125,37): warning C4244:         ]
C:\Users\linoi\scripts\games\sfmlProjects\aimTrainer\game.cpp(135,35): warning C4244: '=': conversion from 'float' to 'T', possible loss of data
C:\Users\linoi\scripts\games\sfmlProjects\aimTrainer\game.cpp(135,35): warning C4244:         with
C:\Users\linoi\scripts\games\sfmlProjects\aimTrainer\game.cpp(135,35): warning C4244:         [
C:\Users\linoi\scripts\games\sfmlProjects\aimTrainer\game.cpp(135,35): warning C4244:             T=int
C:\Users\linoi\scripts\games\sfmlProjects\aimTrainer\game.cpp(135,35): warning C4244:         ]
C:\Users\linoi\scripts\games\sfmlProjects\aimTrainer\game.cpp(136,34): warning C4244: '=': conversion from 'float' to 'T', possible loss of data
C:\Users\linoi\scripts\games\sfmlProjects\aimTrainer\game.cpp(136,34): warning C4244:         with
C:\Users\linoi\scripts\games\sfmlProjects\aimTrainer\game.cpp(136,34): warning C4244:         [
C:\Users\linoi\scripts\games\sfmlProjects\aimTrainer\game.cpp(136,34): warning C4244:             T=int
C:\Users\linoi\scripts\games\sfmlProjects\aimTrainer\game.cpp(136,34): warning C4244:         ]
C:\Users\linoi\scripts\games\sfmlProjects\aimTrainer\game.cpp(137,36): warning C4244: '=': conversion from 'float' to 'T', possible loss of data
C:\Users\linoi\scripts\games\sfmlProjects\aimTrainer\game.cpp(137,36): warning C4244:         with
C:\Users\linoi\scripts\games\sfmlProjects\aimTrainer\game.cpp(137,36): warning C4244:         [
C:\Users\linoi\scripts\games\sfmlProjects\aimTrainer\game.cpp(137,36): warning C4244:             T=int
C:\Users\linoi\scripts\games\sfmlProjects\aimTrainer\game.cpp(137,36): warning C4244:         ]
C:\Users\linoi\scripts\games\sfmlProjects\aimTrainer\game.cpp(138,37): warning C4244: '=': conversion from 'float' to 'T', possible loss of data
C:\Users\linoi\scripts\games\sfmlProjects\aimTrainer\game.cpp(138,37): warning C4244:         with
C:\Users\linoi\scripts\games\sfmlProjects\aimTrainer\game.cpp(138,37): warning C4244:         [
C:\Users\linoi\scripts\games\sfmlProjects\aimTrainer\game.cpp(138,37): warning C4244:             T=int
C:\Users\linoi\scripts\games\sfmlProjects\aimTrainer\game.cpp(138,37): warning C4244:         ]
C:\Users\linoi\scripts\games\sfmlProjects\aimTrainer\game.cpp(199,18): warning C4244: 'initializing': conversion from 'double' to 'float', possible loss of data
  Generating code
  2 of 241 functions ( 0.8%) were compiled, the rest were copied from previous compilation.
    0 functions were new in current compilation
    0 functions had inline decision re-evaluated but remain unchanged
  Finished generating code
  aimTrainer.vcxproj -> C:\Users\linoi\scripts\games\sfmlProjects\aimTrainer\x64\Release\aimTrainer.exe
