  game.cpp
C:\Users\linoi\scripts\games\sfmlProjects\aimTrainer\game.cpp(129,35): warning C4244: '=': conversion from 'float' to 'T', possible loss of data
C:\Users\linoi\scripts\games\sfmlProjects\aimTrainer\game.cpp(129,35): warning C4244:         with
C:\Users\linoi\scripts\games\sfmlProjects\aimTrainer\game.cpp(129,35): warning C4244:         [
C:\Users\linoi\scripts\games\sfmlProjects\aimTrainer\game.cpp(129,35): warning C4244:             T=int
C:\Users\linoi\scripts\games\sfmlProjects\aimTrainer\game.cpp(129,35): warning C4244:         ]
C:\Users\linoi\scripts\games\sfmlProjects\aimTrainer\game.cpp(130,34): warning C4244: '=': conversion from 'float' to 'T', possible loss of data
C:\Users\linoi\scripts\games\sfmlProjects\aimTrainer\game.cpp(130,34): warning C4244:         with
C:\Users\linoi\scripts\games\sfmlProjects\aimTrainer\game.cpp(130,34): warning C4244:         [
C:\Users\linoi\scripts\games\sfmlProjects\aimTrainer\game.cpp(130,34): warning C4244:             T=int
C:\Users\linoi\scripts\games\sfmlProjects\aimTrainer\game.cpp(130,34): warning C4244:         ]
C:\Users\linoi\scripts\games\sfmlProjects\aimTrainer\game.cpp(131,36): warning C4244: '=': conversion from 'float' to 'T', possible loss of data
C:\Users\linoi\scripts\games\sfmlProjects\aimTrainer\game.cpp(131,36): warning C4244:         with
C:\Users\linoi\scripts\games\sfmlProjects\aimTrainer\game.cpp(131,36): warning C4244:         [
C:\Users\linoi\scripts\games\sfmlProjects\aimTrainer\game.cpp(131,36): warning C4244:             T=int
C:\Users\linoi\scripts\games\sfmlProjects\aimTrainer\game.cpp(131,36): warning C4244:         ]
C:\Users\linoi\scripts\games\sfmlProjects\aimTrainer\game.cpp(132,37): warning C4244: '=': conversion from 'float' to 'T', possible loss of data
C:\Users\linoi\scripts\games\sfmlProjects\aimTrainer\game.cpp(132,37): warning C4244:         with
C:\Users\linoi\scripts\games\sfmlProjects\aimTrainer\game.cpp(132,37): warning C4244:         [
C:\Users\linoi\scripts\games\sfmlProjects\aimTrainer\game.cpp(132,37): warning C4244:             T=int
C:\Users\linoi\scripts\games\sfmlProjects\aimTrainer\game.cpp(132,37): warning C4244:         ]
C:\Users\linoi\scripts\games\sfmlProjects\aimTrainer\game.cpp(150,35): warning C4244: '=': conversion from 'float' to 'T', possible loss of data
C:\Users\linoi\scripts\games\sfmlProjects\aimTrainer\game.cpp(150,35): warning C4244:         with
C:\Users\linoi\scripts\games\sfmlProjects\aimTrainer\game.cpp(150,35): warning C4244:         [
C:\Users\linoi\scripts\games\sfmlProjects\aimTrainer\game.cpp(150,35): warning C4244:             T=int
C:\Users\linoi\scripts\games\sfmlProjects\aimTrainer\game.cpp(150,35): warning C4244:         ]
C:\Users\linoi\scripts\games\sfmlProjects\aimTrainer\game.cpp(151,34): warning C4244: '=': conversion from 'float' to 'T', possible loss of data
C:\Users\linoi\scripts\games\sfmlProjects\aimTrainer\game.cpp(151,34): warning C4244:         with
C:\Users\linoi\scripts\games\sfmlProjects\aimTrainer\game.cpp(151,34): warning C4244:         [
C:\Users\linoi\scripts\games\sfmlProjects\aimTrainer\game.cpp(151,34): warning C4244:             T=int
C:\Users\linoi\scripts\games\sfmlProjects\aimTrainer\game.cpp(151,34): warning C4244:         ]
C:\Users\linoi\scripts\games\sfmlProjects\aimTrainer\game.cpp(152,36): warning C4244: '=': conversion from 'float' to 'T', possible loss of data
C:\Users\linoi\scripts\games\sfmlProjects\aimTrainer\game.cpp(152,36): warning C4244:         with
C:\Users\linoi\scripts\games\sfmlProjects\aimTrainer\game.cpp(152,36): warning C4244:         [
C:\Users\linoi\scripts\games\sfmlProjects\aimTrainer\game.cpp(152,36): warning C4244:             T=int
C:\Users\linoi\scripts\games\sfmlProjects\aimTrainer\game.cpp(152,36): warning C4244:         ]
C:\Users\linoi\scripts\games\sfmlProjects\aimTrainer\game.cpp(153,37): warning C4244: '=': conversion from 'float' to 'T', possible loss of data
C:\Users\linoi\scripts\games\sfmlProjects\aimTrainer\game.cpp(153,37): warning C4244:         with
C:\Users\linoi\scripts\games\sfmlProjects\aimTrainer\game.cpp(153,37): warning C4244:         [
C:\Users\linoi\scripts\games\sfmlProjects\aimTrainer\game.cpp(153,37): warning C4244:             T=int
C:\Users\linoi\scripts\games\sfmlProjects\aimTrainer\game.cpp(153,37): warning C4244:         ]
C:\Users\linoi\scripts\games\sfmlProjects\aimTrainer\game.cpp(200,31): warning C4244: '=': conversion from 'T' to 'float', possible loss of data
C:\Users\linoi\scripts\games\sfmlProjects\aimTrainer\game.cpp(200,31): warning C4244:         with
C:\Users\linoi\scripts\games\sfmlProjects\aimTrainer\game.cpp(200,31): warning C4244:         [
C:\Users\linoi\scripts\games\sfmlProjects\aimTrainer\game.cpp(200,31): warning C4244:             T=int
C:\Users\linoi\scripts\games\sfmlProjects\aimTrainer\game.cpp(200,31): warning C4244:         ]
C:\Users\linoi\scripts\games\sfmlProjects\aimTrainer\game.cpp(201,38): warning C4244: '=': conversion from 'int' to 'float', possible loss of data
C:\Users\linoi\scripts\games\sfmlProjects\aimTrainer\game.cpp(208,31): warning C4244: '=': conversion from 'T' to 'float', possible loss of data
C:\Users\linoi\scripts\games\sfmlProjects\aimTrainer\game.cpp(208,31): warning C4244:         with
C:\Users\linoi\scripts\games\sfmlProjects\aimTrainer\game.cpp(208,31): warning C4244:         [
C:\Users\linoi\scripts\games\sfmlProjects\aimTrainer\game.cpp(208,31): warning C4244:             T=int
C:\Users\linoi\scripts\games\sfmlProjects\aimTrainer\game.cpp(208,31): warning C4244:         ]
C:\Users\linoi\scripts\games\sfmlProjects\aimTrainer\game.cpp(213,10): warning C4244: '=': conversion from 'T' to 'float', possible loss of data
C:\Users\linoi\scripts\games\sfmlProjects\aimTrainer\game.cpp(213,10): warning C4244:         with
C:\Users\linoi\scripts\games\sfmlProjects\aimTrainer\game.cpp(213,10): warning C4244:         [
C:\Users\linoi\scripts\games\sfmlProjects\aimTrainer\game.cpp(213,10): warning C4244:             T=int
C:\Users\linoi\scripts\games\sfmlProjects\aimTrainer\game.cpp(213,10): warning C4244:         ]
C:\Users\linoi\scripts\games\sfmlProjects\aimTrainer\game.cpp(214,38): warning C4244: '=': conversion from 'int' to 'float', possible loss of data
C:\Users\linoi\scripts\games\sfmlProjects\aimTrainer\game.cpp(221,31): warning C4244: '=': conversion from 'T' to 'float', possible loss of data
C:\Users\linoi\scripts\games\sfmlProjects\aimTrainer\game.cpp(221,31): warning C4244:         with
C:\Users\linoi\scripts\games\sfmlProjects\aimTrainer\game.cpp(221,31): warning C4244:         [
C:\Users\linoi\scripts\games\sfmlProjects\aimTrainer\game.cpp(221,31): warning C4244:             T=int
C:\Users\linoi\scripts\games\sfmlProjects\aimTrainer\game.cpp(221,31): warning C4244:         ]
C:\Users\linoi\scripts\games\sfmlProjects\aimTrainer\game.cpp(222,39): warning C4244: '=': conversion from 'int' to 'float', possible loss of data
C:\Users\linoi\scripts\games\sfmlProjects\aimTrainer\game.cpp(228,31): warning C4244: '=': conversion from 'T' to 'float', possible loss of data
C:\Users\linoi\scripts\games\sfmlProjects\aimTrainer\game.cpp(228,31): warning C4244:         with
C:\Users\linoi\scripts\games\sfmlProjects\aimTrainer\game.cpp(228,31): warning C4244:         [
C:\Users\linoi\scripts\games\sfmlProjects\aimTrainer\game.cpp(228,31): warning C4244:             T=int
C:\Users\linoi\scripts\games\sfmlProjects\aimTrainer\game.cpp(228,31): warning C4244:         ]
C:\Users\linoi\scripts\games\sfmlProjects\aimTrainer\game.cpp(233,10): warning C4244: '=': conversion from 'T' to 'float', possible loss of data
C:\Users\linoi\scripts\games\sfmlProjects\aimTrainer\game.cpp(233,10): warning C4244:         with
C:\Users\linoi\scripts\games\sfmlProjects\aimTrainer\game.cpp(233,10): warning C4244:         [
C:\Users\linoi\scripts\games\sfmlProjects\aimTrainer\game.cpp(233,10): warning C4244:             T=int
C:\Users\linoi\scripts\games\sfmlProjects\aimTrainer\game.cpp(233,10): warning C4244:         ]
C:\Users\linoi\scripts\games\sfmlProjects\aimTrainer\game.cpp(234,39): warning C4244: '=': conversion from 'int' to 'float', possible loss of data
C:\Users\linoi\scripts\games\sfmlProjects\aimTrainer\game.cpp(310,18): warning C4244: 'initializing': conversion from 'double' to 'float', possible loss of data
C:\Users\linoi\scripts\games\sfmlProjects\aimTrainer\game.cpp(363,46): warning C4244: '-=': conversion from 'float' to 'T', possible loss of data
C:\Users\linoi\scripts\games\sfmlProjects\aimTrainer\game.cpp(363,46): warning C4244:         with
C:\Users\linoi\scripts\games\sfmlProjects\aimTrainer\game.cpp(363,46): warning C4244:         [
C:\Users\linoi\scripts\games\sfmlProjects\aimTrainer\game.cpp(363,46): warning C4244:             T=int
C:\Users\linoi\scripts\games\sfmlProjects\aimTrainer\game.cpp(363,46): warning C4244:         ]
C:\Users\linoi\scripts\games\sfmlProjects\aimTrainer\game.cpp(367,34): warning C4244: '=': conversion from 'float' to 'T', possible loss of data
C:\Users\linoi\scripts\games\sfmlProjects\aimTrainer\game.cpp(367,34): warning C4244:         with
C:\Users\linoi\scripts\games\sfmlProjects\aimTrainer\game.cpp(367,34): warning C4244:         [
C:\Users\linoi\scripts\games\sfmlProjects\aimTrainer\game.cpp(367,34): warning C4244:             T=int
C:\Users\linoi\scripts\games\sfmlProjects\aimTrainer\game.cpp(367,34): warning C4244:         ]
C:\Users\linoi\scripts\games\sfmlProjects\aimTrainer\game.cpp(401,46): warning C4244: '+=': conversion from 'float' to 'T', possible loss of data
C:\Users\linoi\scripts\games\sfmlProjects\aimTrainer\game.cpp(401,46): warning C4244:         with
C:\Users\linoi\scripts\games\sfmlProjects\aimTrainer\game.cpp(401,46): warning C4244:         [
C:\Users\linoi\scripts\games\sfmlProjects\aimTrainer\game.cpp(401,46): warning C4244:             T=int
C:\Users\linoi\scripts\games\sfmlProjects\aimTrainer\game.cpp(401,46): warning C4244:         ]
C:\Users\linoi\scripts\games\sfmlProjects\aimTrainer\game.cpp(405,56): warning C4244: '=': conversion from 'float' to 'T', possible loss of data
C:\Users\linoi\scripts\games\sfmlProjects\aimTrainer\game.cpp(405,56): warning C4244:         with
C:\Users\linoi\scripts\games\sfmlProjects\aimTrainer\game.cpp(405,56): warning C4244:         [
C:\Users\linoi\scripts\games\sfmlProjects\aimTrainer\game.cpp(405,56): warning C4244:             T=int
C:\Users\linoi\scripts\games\sfmlProjects\aimTrainer\game.cpp(405,56): warning C4244:         ]
C:\Users\linoi\scripts\games\sfmlProjects\aimTrainer\game.cpp(440,45): warning C4244: '-=': conversion from 'float' to 'T', possible loss of data
C:\Users\linoi\scripts\games\sfmlProjects\aimTrainer\game.cpp(440,45): warning C4244:         with
C:\Users\linoi\scripts\games\sfmlProjects\aimTrainer\game.cpp(440,45): warning C4244:         [
C:\Users\linoi\scripts\games\sfmlProjects\aimTrainer\game.cpp(440,45): warning C4244:             T=int
C:\Users\linoi\scripts\games\sfmlProjects\aimTrainer\game.cpp(440,45): warning C4244:         ]
C:\Users\linoi\scripts\games\sfmlProjects\aimTrainer\game.cpp(444,33): warning C4244: '=': conversion from 'float' to 'T', possible loss of data
C:\Users\linoi\scripts\games\sfmlProjects\aimTrainer\game.cpp(444,33): warning C4244:         with
C:\Users\linoi\scripts\games\sfmlProjects\aimTrainer\game.cpp(444,33): warning C4244:         [
C:\Users\linoi\scripts\games\sfmlProjects\aimTrainer\game.cpp(444,33): warning C4244:             T=int
C:\Users\linoi\scripts\games\sfmlProjects\aimTrainer\game.cpp(444,33): warning C4244:         ]
C:\Users\linoi\scripts\games\sfmlProjects\aimTrainer\game.cpp(478,45): warning C4244: '+=': conversion from 'float' to 'T', possible loss of data
C:\Users\linoi\scripts\games\sfmlProjects\aimTrainer\game.cpp(478,45): warning C4244:         with
C:\Users\linoi\scripts\games\sfmlProjects\aimTrainer\game.cpp(478,45): warning C4244:         [
C:\Users\linoi\scripts\games\sfmlProjects\aimTrainer\game.cpp(478,45): warning C4244:             T=int
C:\Users\linoi\scripts\games\sfmlProjects\aimTrainer\game.cpp(478,45): warning C4244:         ]
C:\Users\linoi\scripts\games\sfmlProjects\aimTrainer\game.cpp(482,56): warning C4244: '=': conversion from 'float' to 'T', possible loss of data
C:\Users\linoi\scripts\games\sfmlProjects\aimTrainer\game.cpp(482,56): warning C4244:         with
C:\Users\linoi\scripts\games\sfmlProjects\aimTrainer\game.cpp(482,56): warning C4244:         [
C:\Users\linoi\scripts\games\sfmlProjects\aimTrainer\game.cpp(482,56): warning C4244:             T=int
C:\Users\linoi\scripts\games\sfmlProjects\aimTrainer\game.cpp(482,56): warning C4244:         ]
  Generating code
  3 of 245 functions ( 1.2%) were compiled, the rest were copied from previous compilation.
    0 functions were new in current compilation
    0 functions had inline decision re-evaluated but remain unchanged
  Finished generating code
  aimTrainer.vcxproj -> C:\Users\linoi\scripts\games\sfmlProjects\aimTrainer\x64\Release\aimTrainer.exe
